  [1m[36m (0.1ms)[0m  [1mselect sqlite_version(*)[0m
  [1m[35m (1.2ms)[0m  CREATE TABLE "schema_migrations" ("version" varchar(255) NOT NULL) 
  [1m[36m (0.0ms)[0m  [1mPRAGMA index_list("schema_migrations")[0m
  [1m[35m (1.1ms)[0m  CREATE UNIQUE INDEX "unique_schema_migrations" ON "schema_migrations" ("version")
  [1m[36m (0.0ms)[0m  [1mSELECT "schema_migrations"."version" FROM "schema_migrations" [0m
Migrating to CreateUsers (20120223225814)
  [1m[35m (0.0ms)[0m  begin transaction
  [1m[36m (0.2ms)[0m  [1mCREATE TABLE "users" ("id" INTEGER PRIMARY KEY AUTOINCREMENT NOT NULL, "name" varchar(255), "email" varchar(255), "created_at" datetime NOT NULL, "updated_at" datetime NOT NULL) [0m
  [1m[35m (0.1ms)[0m  INSERT INTO "schema_migrations" ("version") VALUES ('20120223225814')
  [1m[36m (18.1ms)[0m  [1mcommit transaction[0m
  [1m[35m (0.2ms)[0m  select sqlite_version(*)
  [1m[36m (0.1ms)[0m  [1mSELECT "schema_migrations"."version" FROM "schema_migrations" [0m
  [1m[35m (0.0ms)[0m  PRAGMA index_list("users")
  [1m[36m (0.1ms)[0m  [1mSELECT "schema_migrations"."version" FROM "schema_migrations" [0m
  [1m[35m (0.2ms)[0m  select sqlite_version(*)
  [1m[36m (1.1ms)[0m  [1mCREATE TABLE "users" ("id" INTEGER PRIMARY KEY AUTOINCREMENT NOT NULL, "name" varchar(255), "email" varchar(255), "created_at" datetime NOT NULL, "updated_at" datetime NOT NULL) [0m
  [1m[35m (1.0ms)[0m  CREATE TABLE "schema_migrations" ("version" varchar(255) NOT NULL) 
  [1m[36m (0.0ms)[0m  [1mPRAGMA index_list("schema_migrations")[0m
  [1m[35m (1.0ms)[0m  CREATE UNIQUE INDEX "unique_schema_migrations" ON "schema_migrations" ("version")
  [1m[36m (0.0ms)[0m  [1mSELECT version FROM "schema_migrations"[0m
  [1m[35m (1.3ms)[0m  INSERT INTO "schema_migrations" (version) VALUES ('20120223225814')
  [1m[36m (0.1ms)[0m  [1mSELECT "schema_migrations"."version" FROM "schema_migrations" [0m
  [1m[35m (0.2ms)[0m  select sqlite_version(*)
  [1m[36m (1.2ms)[0m  [1mCREATE TABLE "users" ("id" INTEGER PRIMARY KEY AUTOINCREMENT NOT NULL, "name" varchar(255), "email" varchar(255), "created_at" datetime NOT NULL, "updated_at" datetime NOT NULL) [0m
  [1m[35m (1.0ms)[0m  CREATE TABLE "schema_migrations" ("version" varchar(255) NOT NULL) 
  [1m[36m (0.0ms)[0m  [1mPRAGMA index_list("schema_migrations")[0m
  [1m[35m (1.0ms)[0m  CREATE UNIQUE INDEX "unique_schema_migrations" ON "schema_migrations" ("version")
  [1m[36m (0.0ms)[0m  [1mSELECT version FROM "schema_migrations"[0m
  [1m[35m (1.0ms)[0m  INSERT INTO "schema_migrations" (version) VALUES ('20120223225814')
  [1m[36m (0.1ms)[0m  [1mSELECT "schema_migrations"."version" FROM "schema_migrations" [0m
  [1m[35m (0.2ms)[0m  select sqlite_version(*)
  [1m[36m (1.4ms)[0m  [1mCREATE TABLE "users" ("id" INTEGER PRIMARY KEY AUTOINCREMENT NOT NULL, "name" varchar(255), "email" varchar(255), "created_at" datetime NOT NULL, "updated_at" datetime NOT NULL) [0m
  [1m[35m (1.0ms)[0m  CREATE TABLE "schema_migrations" ("version" varchar(255) NOT NULL) 
  [1m[36m (0.0ms)[0m  [1mPRAGMA index_list("schema_migrations")[0m
  [1m[35m (1.0ms)[0m  CREATE UNIQUE INDEX "unique_schema_migrations" ON "schema_migrations" ("version")
  [1m[36m (0.0ms)[0m  [1mSELECT version FROM "schema_migrations"[0m
  [1m[35m (1.0ms)[0m  INSERT INTO "schema_migrations" (version) VALUES ('20120223225814')
  [1m[36m (0.1ms)[0m  [1mSELECT "schema_migrations"."version" FROM "schema_migrations" [0m
Migrating to CreateUsers (20120223225814)
  [1m[35m (0.1ms)[0m  select sqlite_version(*)
  [1m[36m (0.1ms)[0m  [1mSELECT "schema_migrations"."version" FROM "schema_migrations" [0m
  [1m[35m (0.0ms)[0m  PRAGMA index_list("users")


Started GET "/" for 127.0.0.1 at 2012-02-27 11:00:16 -0500

ActionController::RoutingError (No route matches [GET] "/"):
  

Rendered /usr/local/rvm/gems/ruby-1.9.2-p180/gems/actionpack-3.1.3/lib/action_dispatch/middleware/templates/rescues/routing_error.erb within rescues/layout (7.0ms)


Started GET "/test_page" for 127.0.0.1 at 2012-02-27 11:00:43 -0500
  Processing by TestPageController#index as HTML
Completed 500 Internal Server Error in 14ms

ActionView::MissingTemplate (Missing template test_page/index, application/index with {:handlers=>[:erb, :builder], :formats=>[:html], :locale=>[:en, :en]}. Searched in:
  * "/Users/envylabs/code/opensource/table_me/spec/dummy/app/views"
  * "/Users/envylabs/code/opensource/table_me/app/views"
):
  

Rendered /usr/local/rvm/gems/ruby-1.9.2-p180/gems/actionpack-3.1.3/lib/action_dispatch/middleware/templates/rescues/missing_template.erb within rescues/layout (0.2ms)


Started GET "/test_page" for 127.0.0.1 at 2012-02-27 11:06:55 -0500
  Processing by TestPageController#index as HTML
Completed 500 Internal Server Error in 0ms

NoMethodError (undefined method `limit' for :user:Symbol):
  app/controllers/test_page_controller.rb:4:in `index'

Rendered /usr/local/rvm/gems/ruby-1.9.2-p180/gems/actionpack-3.1.3/lib/action_dispatch/middleware/templates/rescues/_trace.erb (0.8ms)
Rendered /usr/local/rvm/gems/ruby-1.9.2-p180/gems/actionpack-3.1.3/lib/action_dispatch/middleware/templates/rescues/_request_and_response.erb (0.6ms)
Rendered /usr/local/rvm/gems/ruby-1.9.2-p180/gems/actionpack-3.1.3/lib/action_dispatch/middleware/templates/rescues/diagnostics.erb within rescues/layout (2.7ms)


Started GET "/test_page" for 127.0.0.1 at 2012-02-27 11:07:19 -0500
  Processing by TestPageController#index as HTML
  [1m[36m (0.1ms)[0m  [1mSELECT COUNT(*) FROM "users" [0m
  [1m[35mUser Load (0.1ms)[0m  SELECT "users".* FROM "users" LIMIT 1 OFFSET 0
  [1m[36mUser Load (0.1ms)[0m  [1mSELECT "users".* FROM "users" LIMIT 10 OFFSET 0[0m
Rendered test_page/index.html.erb within layouts/application (27.8ms)
Compiled application.css  (0ms)  (pid 76391)
Completed 500 Internal Server Error in 74ms

ActionView::Template::Error (couldn't find file 'jquery'
  (in /Users/envylabs/code/opensource/table_me/spec/dummy/app/assets/javascripts/application.js:13)):
    3: <head>
    4:   <title>Dummy</title>
    5:   <%= stylesheet_link_tag    "application", :media => "all" %>
    6:   <%= javascript_include_tag "application" %>
    7:   <%= csrf_meta_tags %>
    8: </head>
    9: <body>
  app/views/layouts/application.html.erb:6:in `_app_views_layouts_application_html_erb___3314499396368258594_2181160560'

Rendered /usr/local/rvm/gems/ruby-1.9.2-p180/gems/actionpack-3.1.3/lib/action_dispatch/middleware/templates/rescues/_trace.erb (0.9ms)
Rendered /usr/local/rvm/gems/ruby-1.9.2-p180/gems/actionpack-3.1.3/lib/action_dispatch/middleware/templates/rescues/_request_and_response.erb (0.6ms)
Rendered /usr/local/rvm/gems/ruby-1.9.2-p180/gems/actionpack-3.1.3/lib/action_dispatch/middleware/templates/rescues/template_error.erb within rescues/layout (2.9ms)


Started GET "/test_page" for 127.0.0.1 at 2012-02-27 11:08:58 -0500
  Processing by TestPageController#index as HTML
  [1m[36m (0.1ms)[0m  [1mSELECT COUNT(*) FROM "users" [0m
  [1m[35mUser Load (0.1ms)[0m  SELECT "users".* FROM "users" LIMIT 1 OFFSET 0
  [1m[36mUser Load (0.1ms)[0m  [1mSELECT "users".* FROM "users" LIMIT 10 OFFSET 0[0m
Rendered test_page/index.html.erb within layouts/application (17.1ms)
Completed 500 Internal Server Error in 102ms

ActionView::Template::Error (couldn't find file 'jquery'
  (in /Users/envylabs/code/opensource/table_me/spec/dummy/app/assets/javascripts/application.js:13)):
    3: <head>
    4:   <title>Dummy</title>
    5:   <%= stylesheet_link_tag    "application", :media => "all" %>
    6:   <%= javascript_include_tag "application" %>
    7:   <%= csrf_meta_tags %>
    8: </head>
    9: <body>
  app/views/layouts/application.html.erb:6:in `_app_views_layouts_application_html_erb___973384343444265325_2168288240'

Rendered /usr/local/rvm/gems/ruby-1.9.2-p180/gems/actionpack-3.1.3/lib/action_dispatch/middleware/templates/rescues/_trace.erb (0.8ms)
Rendered /usr/local/rvm/gems/ruby-1.9.2-p180/gems/actionpack-3.1.3/lib/action_dispatch/middleware/templates/rescues/_request_and_response.erb (0.6ms)
Rendered /usr/local/rvm/gems/ruby-1.9.2-p180/gems/actionpack-3.1.3/lib/action_dispatch/middleware/templates/rescues/template_error.erb within rescues/layout (2.7ms)


Started GET "/test_page" for 127.0.0.1 at 2012-02-27 11:09:58 -0500
  Processing by TestPageController#index as HTML
  [1m[36m (0.1ms)[0m  [1mSELECT COUNT(*) FROM "users" [0m
  [1m[35mUser Load (0.1ms)[0m  SELECT "users".* FROM "users" LIMIT 1 OFFSET 0
  [1m[36mUser Load (0.1ms)[0m  [1mSELECT "users".* FROM "users" LIMIT 10 OFFSET 0[0m
Rendered test_page/index.html.erb within layouts/application (16.7ms)
Compiled application.js  (1ms)  (pid 76536)
Compiled jquery.js  (2ms)  (pid 76536)
Compiled jquery_ujs.js  (0ms)  (pid 76536)
Completed 200 OK in 129ms (Views: 79.5ms | ActiveRecord: 0.9ms)


Started GET "/assets/application.css?body=1" for 127.0.0.1 at 2012-02-27 11:09:58 -0500
Served asset /application.css - 200 OK (0ms)


Started GET "/assets/jquery_ujs.js?body=1" for 127.0.0.1 at 2012-02-27 11:09:58 -0500
Served asset /jquery_ujs.js - 200 OK (1ms)


Started GET "/assets/application.js?body=1" for 127.0.0.1 at 2012-02-27 11:09:58 -0500
Served asset /application.js - 200 OK (0ms)


Started GET "/assets/jquery.js?body=1" for 127.0.0.1 at 2012-02-27 11:09:58 -0500
Served asset /jquery.js - 200 OK (2ms)


Started GET "/test_page" for 127.0.0.1 at 2012-02-27 11:10:22 -0500
  Processing by TestPageController#index as HTML
  [1m[35m (0.1ms)[0m  SELECT COUNT(*) FROM "users" 
  [1m[36mUser Load (0.1ms)[0m  [1mSELECT "users".* FROM "users" LIMIT 1 OFFSET 0[0m
  [1m[35mUser Load (0.1ms)[0m  SELECT "users".* FROM "users" LIMIT 10 OFFSET 0
Rendered test_page/index.html.erb within layouts/application (8.2ms)
Completed 200 OK in 15ms (Views: 11.6ms | ActiveRecord: 0.6ms)


Started GET "/assets/application.css?body=1" for 127.0.0.1 at 2012-02-27 11:10:22 -0500
Served asset /application.css - 304 Not Modified (0ms)


Started GET "/assets/jquery.js?body=1" for 127.0.0.1 at 2012-02-27 11:10:22 -0500
Served asset /jquery.js - 304 Not Modified (0ms)


Started GET "/assets/jquery_ujs.js?body=1" for 127.0.0.1 at 2012-02-27 11:10:22 -0500
Served asset /jquery_ujs.js - 304 Not Modified (0ms)


Started GET "/assets/application.js?body=1" for 127.0.0.1 at 2012-02-27 11:10:22 -0500
Served asset /application.js - 304 Not Modified (0ms)


Started GET "/test_page?table_me=user%7C2%7C" for 127.0.0.1 at 2012-02-27 11:10:33 -0500
  Processing by TestPageController#index as HTML
  Parameters: {"table_me"=>"user|2|"}
  [1m[36m (0.1ms)[0m  [1mSELECT COUNT(*) FROM "users" [0m
  [1m[35mUser Load (0.1ms)[0m  SELECT "users".* FROM "users" LIMIT 1 OFFSET 10
  [1m[36mUser Load (0.1ms)[0m  [1mSELECT "users".* FROM "users" LIMIT 10 OFFSET 10[0m
Rendered test_page/index.html.erb within layouts/application (8.3ms)
Completed 200 OK in 15ms (Views: 11.7ms | ActiveRecord: 0.6ms)


Started GET "/assets/application.css?body=1" for 127.0.0.1 at 2012-02-27 11:10:33 -0500
Served asset /application.css - 304 Not Modified (0ms)


Started GET "/assets/jquery.js?body=1" for 127.0.0.1 at 2012-02-27 11:10:33 -0500
Served asset /jquery.js - 304 Not Modified (0ms)


Started GET "/assets/jquery_ujs.js?body=1" for 127.0.0.1 at 2012-02-27 11:10:33 -0500
Served asset /jquery_ujs.js - 304 Not Modified (0ms)


Started GET "/assets/application.js?body=1" for 127.0.0.1 at 2012-02-27 11:10:33 -0500
Served asset /application.js - 304 Not Modified (0ms)


Started GET "/test_page?table_me=user%7C3%7C" for 127.0.0.1 at 2012-02-27 11:10:35 -0500
  Processing by TestPageController#index as HTML
  Parameters: {"table_me"=>"user|3|"}
  [1m[35m (0.1ms)[0m  SELECT COUNT(*) FROM "users" 
  [1m[36mUser Load (0.1ms)[0m  [1mSELECT "users".* FROM "users" LIMIT 1 OFFSET 20[0m
  [1m[35mUser Load (0.1ms)[0m  SELECT "users".* FROM "users" LIMIT 10 OFFSET 20
Rendered test_page/index.html.erb within layouts/application (7.7ms)
Completed 200 OK in 15ms (Views: 11.2ms | ActiveRecord: 0.6ms)


Started GET "/assets/jquery.js?body=1" for 127.0.0.1 at 2012-02-27 11:10:35 -0500
Served asset /jquery.js - 304 Not Modified (0ms)


Started GET "/assets/application.css?body=1" for 127.0.0.1 at 2012-02-27 11:10:35 -0500
Served asset /application.css - 304 Not Modified (0ms)


Started GET "/assets/jquery_ujs.js?body=1" for 127.0.0.1 at 2012-02-27 11:10:35 -0500
Served asset /jquery_ujs.js - 304 Not Modified (0ms)


Started GET "/assets/application.js?body=1" for 127.0.0.1 at 2012-02-27 11:10:35 -0500
Served asset /application.js - 304 Not Modified (0ms)


Started GET "/test_page?table_me=user%7C4%7C" for 127.0.0.1 at 2012-02-27 11:10:36 -0500
  Processing by TestPageController#index as HTML
  Parameters: {"table_me"=>"user|4|"}
  [1m[36m (0.1ms)[0m  [1mSELECT COUNT(*) FROM "users" [0m
  [1m[35mUser Load (0.1ms)[0m  SELECT "users".* FROM "users" LIMIT 1 OFFSET 30
Rendered test_page/index.html.erb within layouts/application (12.9ms)
Completed 500 Internal Server Error in 18ms

ActionView::Template::Error (undefined method `attribute_names' for NilClass:Class):
    1: <%= table_for :user, class: 'without_columns' %>
    2: 
    3: 
    4: <%= table_for :user, class: 'with_columns'  do |t|%>
  app/views/test_page/index.html.erb:1:in `_app_views_test_page_index_html_erb__3135137024214049753_2168321500'

Rendered /usr/local/rvm/gems/ruby-1.9.2-p180/gems/actionpack-3.1.3/lib/action_dispatch/middleware/templates/rescues/_trace.erb (0.8ms)
Rendered /usr/local/rvm/gems/ruby-1.9.2-p180/gems/actionpack-3.1.3/lib/action_dispatch/middleware/templates/rescues/_request_and_response.erb (0.6ms)
Rendered /usr/local/rvm/gems/ruby-1.9.2-p180/gems/actionpack-3.1.3/lib/action_dispatch/middleware/templates/rescues/template_error.erb within rescues/layout (2.6ms)


Started GET "/test_page?table_me=user%7C2%7C" for 127.0.0.1 at 2012-02-27 11:10:42 -0500
  Processing by TestPageController#index as HTML
  Parameters: {"table_me"=>"user|2|"}
  [1m[36m (0.1ms)[0m  [1mSELECT COUNT(*) FROM "users" [0m
  [1m[35mUser Load (0.1ms)[0m  SELECT "users".* FROM "users" LIMIT 1 OFFSET 10
  [1m[36mUser Load (0.1ms)[0m  [1mSELECT "users".* FROM "users" LIMIT 10 OFFSET 10[0m
Rendered test_page/index.html.erb within layouts/application (7.8ms)
Completed 200 OK in 15ms (Views: 11.3ms | ActiveRecord: 0.7ms)


Started GET "/assets/application.css?body=1" for 127.0.0.1 at 2012-02-27 11:10:42 -0500
Served asset /application.css - 304 Not Modified (0ms)


Started GET "/assets/jquery.js?body=1" for 127.0.0.1 at 2012-02-27 11:10:42 -0500
Served asset /jquery.js - 304 Not Modified (0ms)


Started GET "/assets/jquery_ujs.js?body=1" for 127.0.0.1 at 2012-02-27 11:10:42 -0500
Served asset /jquery_ujs.js - 304 Not Modified (0ms)


Started GET "/assets/application.js?body=1" for 127.0.0.1 at 2012-02-27 11:10:42 -0500
Served asset /application.js - 304 Not Modified (0ms)


Started GET "/test_page?table_me=user%7C2%7C" for 127.0.0.1 at 2012-02-27 11:11:29 -0500
  Processing by TestPageController#index as HTML
  Parameters: {"table_me"=>"user|2|"}
  [1m[35m (0.1ms)[0m  SELECT COUNT(*) FROM "users" 
Completed 500 Internal Server Error in 7ms

NoMethodError (undefined method `User' for #<TestPageController:0x000001025d8218>):
  app/controllers/test_page_controller.rb:5:in `index'

Rendered /usr/local/rvm/gems/ruby-1.9.2-p180/gems/actionpack-3.1.3/lib/action_dispatch/middleware/templates/rescues/_trace.erb (0.7ms)
Rendered /usr/local/rvm/gems/ruby-1.9.2-p180/gems/actionpack-3.1.3/lib/action_dispatch/middleware/templates/rescues/_request_and_response.erb (0.6ms)
Rendered /usr/local/rvm/gems/ruby-1.9.2-p180/gems/actionpack-3.1.3/lib/action_dispatch/middleware/templates/rescues/diagnostics.erb within rescues/layout (2.5ms)


Started GET "/test_page?table_me=user%7C2%7C" for 127.0.0.1 at 2012-02-27 11:11:51 -0500
  Processing by TestPageController#index as HTML
  Parameters: {"table_me"=>"user|2|"}
  [1m[36m (0.1ms)[0m  [1mSELECT COUNT(*) FROM "users" [0m
  [1m[35mCACHE (0.0ms)[0m  SELECT COUNT(*) FROM "users" 
  [1m[36mUser Load (0.1ms)[0m  [1mSELECT "users".* FROM "users" LIMIT 1 OFFSET 10[0m
  [1m[35mUser Load (0.1ms)[0m  SELECT "users".* FROM "users" LIMIT 10 OFFSET 10
  [1m[36mUser Load (0.1ms)[0m  [1mSELECT "users".* FROM "users" LIMIT 10 OFFSET 0[0m
Rendered test_page/index.html.erb within layouts/application (8.2ms)
Completed 200 OK in 15ms (Views: 11.5ms | ActiveRecord: 0.7ms)


Started GET "/assets/application.css?body=1" for 127.0.0.1 at 2012-02-27 11:11:51 -0500
Served asset /application.css - 304 Not Modified (0ms)


Started GET "/assets/jquery.js?body=1" for 127.0.0.1 at 2012-02-27 11:11:51 -0500
Served asset /jquery.js - 304 Not Modified (0ms)


Started GET "/assets/jquery_ujs.js?body=1" for 127.0.0.1 at 2012-02-27 11:11:51 -0500
Served asset /jquery_ujs.js - 304 Not Modified (0ms)


Started GET "/assets/application.js?body=1" for 127.0.0.1 at 2012-02-27 11:11:51 -0500
Served asset /application.js - 304 Not Modified (0ms)


Started GET "/test_page?table_me=user%7C2,user_with_col%7C2%7C" for 127.0.0.1 at 2012-02-27 11:11:54 -0500
  Processing by TestPageController#index as HTML
  Parameters: {"table_me"=>"user|2,user_with_col|2|"}
  [1m[35m (0.1ms)[0m  SELECT COUNT(*) FROM "users" 
  [1m[36mCACHE (0.0ms)[0m  [1mSELECT COUNT(*) FROM "users" [0m
  [1m[35mUser Load (0.1ms)[0m  SELECT "users".* FROM "users" LIMIT 1 OFFSET 10
  [1m[36mUser Load (0.1ms)[0m  [1mSELECT "users".* FROM "users" LIMIT 10 OFFSET 10[0m
  [1m[35mCACHE (0.0ms)[0m  SELECT "users".* FROM "users" LIMIT 10 OFFSET 10
Rendered test_page/index.html.erb within layouts/application (8.2ms)
Completed 200 OK in 15ms (Views: 11.5ms | ActiveRecord: 0.6ms)


Started GET "/assets/jquery_ujs.js?body=1" for 127.0.0.1 at 2012-02-27 11:11:54 -0500
Served asset /jquery_ujs.js - 304 Not Modified (0ms)


Started GET "/assets/application.css?body=1" for 127.0.0.1 at 2012-02-27 11:11:54 -0500
Served asset /application.css - 304 Not Modified (0ms)


Started GET "/assets/jquery.js?body=1" for 127.0.0.1 at 2012-02-27 11:11:54 -0500
Served asset /jquery.js - 304 Not Modified (0ms)


Started GET "/assets/application.js?body=1" for 127.0.0.1 at 2012-02-27 11:11:54 -0500
Served asset /application.js - 304 Not Modified (0ms)


Started GET "/test_page?table_me=user%7C2,user_with_col%7C3%7C" for 127.0.0.1 at 2012-02-27 11:11:55 -0500
  Processing by TestPageController#index as HTML
  Parameters: {"table_me"=>"user|2,user_with_col|3|"}
  [1m[36m (0.1ms)[0m  [1mSELECT COUNT(*) FROM "users" [0m
  [1m[35mCACHE (0.0ms)[0m  SELECT COUNT(*) FROM "users" 
  [1m[36mUser Load (0.1ms)[0m  [1mSELECT "users".* FROM "users" LIMIT 1 OFFSET 10[0m
  [1m[35mUser Load (0.1ms)[0m  SELECT "users".* FROM "users" LIMIT 10 OFFSET 10
  [1m[36mUser Load (0.1ms)[0m  [1mSELECT "users".* FROM "users" LIMIT 10 OFFSET 20[0m
Rendered test_page/index.html.erb within layouts/application (8.0ms)
Completed 200 OK in 15ms (Views: 11.5ms | ActiveRecord: 0.7ms)


Started GET "/assets/jquery.js?body=1" for 127.0.0.1 at 2012-02-27 11:11:55 -0500
Served asset /jquery.js - 304 Not Modified (0ms)


Started GET "/assets/application.css?body=1" for 127.0.0.1 at 2012-02-27 11:11:55 -0500
Served asset /application.css - 304 Not Modified (0ms)


Started GET "/assets/application.js?body=1" for 127.0.0.1 at 2012-02-27 11:11:55 -0500
Served asset /application.js - 304 Not Modified (0ms)


Started GET "/assets/jquery_ujs.js?body=1" for 127.0.0.1 at 2012-02-27 11:11:55 -0500
Served asset /jquery_ujs.js - 304 Not Modified (0ms)


Started GET "/test_page?table_me=user_with_col%7C3,user%7C1%7C" for 127.0.0.1 at 2012-02-27 11:11:58 -0500
  Processing by TestPageController#index as HTML
  Parameters: {"table_me"=>"user_with_col|3,user|1|"}
  [1m[35m (0.1ms)[0m  SELECT COUNT(*) FROM "users" 
  [1m[36mCACHE (0.0ms)[0m  [1mSELECT COUNT(*) FROM "users" [0m
  [1m[35mUser Load (0.1ms)[0m  SELECT "users".* FROM "users" LIMIT 1 OFFSET 0
  [1m[36mUser Load (0.1ms)[0m  [1mSELECT "users".* FROM "users" LIMIT 10 OFFSET 0[0m
  [1m[35mUser Load (0.1ms)[0m  SELECT "users".* FROM "users" LIMIT 10 OFFSET 20
Rendered test_page/index.html.erb within layouts/application (8.3ms)
Completed 200 OK in 15ms (Views: 11.4ms | ActiveRecord: 0.7ms)


Started GET "/assets/jquery.js?body=1" for 127.0.0.1 at 2012-02-27 11:11:58 -0500
Served asset /jquery.js - 304 Not Modified (0ms)


Started GET "/assets/jquery_ujs.js?body=1" for 127.0.0.1 at 2012-02-27 11:11:58 -0500
Served asset /jquery_ujs.js - 304 Not Modified (0ms)


Started GET "/assets/application.css?body=1" for 127.0.0.1 at 2012-02-27 11:11:58 -0500
Served asset /application.css - 304 Not Modified (0ms)


Started GET "/assets/application.js?body=1" for 127.0.0.1 at 2012-02-27 11:11:58 -0500
Served asset /application.js - 304 Not Modified (0ms)


Started GET "/test_page?table_me=user_with_col%7C3,user%7C4%7C" for 127.0.0.1 at 2012-02-27 11:12:02 -0500
  Processing by TestPageController#index as HTML
  Parameters: {"table_me"=>"user_with_col|3,user|4|"}
  [1m[36m (0.1ms)[0m  [1mSELECT COUNT(*) FROM "users" [0m
  [1m[35mCACHE (0.0ms)[0m  SELECT COUNT(*) FROM "users" 
  [1m[36mUser Load (0.1ms)[0m  [1mSELECT "users".* FROM "users" LIMIT 1 OFFSET 30[0m
Rendered test_page/index.html.erb within layouts/application (0.9ms)
Completed 500 Internal Server Error in 7ms

ActionView::Template::Error (undefined method `attribute_names' for NilClass:Class):
    1: <%= table_for :user, class: 'without_columns' %>
    2: 
    3: 
    4: <%= table_for :user_with_col, class: 'with_columns'  do |t|%>
  app/views/test_page/index.html.erb:1:in `_app_views_test_page_index_html_erb__3135137024214049753_2177654020'

Rendered /usr/local/rvm/gems/ruby-1.9.2-p180/gems/actionpack-3.1.3/lib/action_dispatch/middleware/templates/rescues/_trace.erb (0.8ms)
Rendered /usr/local/rvm/gems/ruby-1.9.2-p180/gems/actionpack-3.1.3/lib/action_dispatch/middleware/templates/rescues/_request_and_response.erb (0.6ms)
Rendered /usr/local/rvm/gems/ruby-1.9.2-p180/gems/actionpack-3.1.3/lib/action_dispatch/middleware/templates/rescues/template_error.erb within rescues/layout (2.6ms)


Started GET "/test_page?table_me=user_with_col%7C3,user%7C2%7C" for 127.0.0.1 at 2012-02-27 11:12:08 -0500
  Processing by TestPageController#index as HTML
  Parameters: {"table_me"=>"user_with_col|3,user|2|"}
  [1m[35m (0.1ms)[0m  SELECT COUNT(*) FROM "users" 
  [1m[36mCACHE (0.0ms)[0m  [1mSELECT COUNT(*) FROM "users" [0m
  [1m[35mUser Load (0.1ms)[0m  SELECT "users".* FROM "users" LIMIT 1 OFFSET 10
  [1m[36mUser Load (0.1ms)[0m  [1mSELECT "users".* FROM "users" LIMIT 10 OFFSET 10[0m
  [1m[35mUser Load (0.1ms)[0m  SELECT "users".* FROM "users" LIMIT 10 OFFSET 20
Rendered test_page/index.html.erb within layouts/application (8.1ms)
Completed 200 OK in 15ms (Views: 11.2ms | ActiveRecord: 0.7ms)


Started GET "/assets/jquery.js?body=1" for 127.0.0.1 at 2012-02-27 11:12:08 -0500
Served asset /jquery.js - 304 Not Modified (0ms)


Started GET "/assets/application.css?body=1" for 127.0.0.1 at 2012-02-27 11:12:08 -0500
Served asset /application.css - 304 Not Modified (0ms)


Started GET "/assets/application.js?body=1" for 127.0.0.1 at 2012-02-27 11:12:08 -0500
Served asset /application.js - 304 Not Modified (0ms)


Started GET "/assets/jquery_ujs.js?body=1" for 127.0.0.1 at 2012-02-27 11:12:08 -0500
Served asset /jquery_ujs.js - 304 Not Modified (0ms)


Started GET "/test_page?table_me=user_with_col%7C3,user%7C3%7C" for 127.0.0.1 at 2012-02-27 11:12:09 -0500
  Processing by TestPageController#index as HTML
  Parameters: {"table_me"=>"user_with_col|3,user|3|"}
  [1m[36m (0.1ms)[0m  [1mSELECT COUNT(*) FROM "users" [0m
  [1m[35mCACHE (0.0ms)[0m  SELECT COUNT(*) FROM "users" 
  [1m[36mUser Load (0.1ms)[0m  [1mSELECT "users".* FROM "users" LIMIT 1 OFFSET 20[0m
  [1m[35mUser Load (0.1ms)[0m  SELECT "users".* FROM "users" LIMIT 10 OFFSET 20
  [1m[36mCACHE (0.0ms)[0m  [1mSELECT "users".* FROM "users" LIMIT 10 OFFSET 20[0m
Rendered test_page/index.html.erb within layouts/application (7.9ms)
Completed 200 OK in 33ms (Views: 11.5ms | ActiveRecord: 0.6ms)


Started GET "/assets/application.css?body=1" for 127.0.0.1 at 2012-02-27 11:12:09 -0500
Served asset /application.css - 304 Not Modified (0ms)


Started GET "/assets/jquery.js?body=1" for 127.0.0.1 at 2012-02-27 11:12:09 -0500
Served asset /jquery.js - 304 Not Modified (0ms)


Started GET "/assets/jquery_ujs.js?body=1" for 127.0.0.1 at 2012-02-27 11:12:09 -0500
Served asset /jquery_ujs.js - 304 Not Modified (0ms)


Started GET "/assets/application.js?body=1" for 127.0.0.1 at 2012-02-27 11:12:09 -0500
Served asset /application.js - 304 Not Modified (0ms)


Started GET "/test_page?table_me=user_with_col%7C3,user%7C4%7C" for 127.0.0.1 at 2012-02-27 11:12:11 -0500
  Processing by TestPageController#index as HTML
  Parameters: {"table_me"=>"user_with_col|3,user|4|"}
  [1m[35m (0.1ms)[0m  SELECT COUNT(*) FROM "users" 
  [1m[36mCACHE (0.0ms)[0m  [1mSELECT COUNT(*) FROM "users" [0m
  [1m[35mUser Load (0.1ms)[0m  SELECT "users".* FROM "users" LIMIT 1 OFFSET 30
Rendered test_page/index.html.erb within layouts/application (0.9ms)
Completed 500 Internal Server Error in 7ms

ActionView::Template::Error (undefined method `attribute_names' for NilClass:Class):
    1: <%= table_for :user, class: 'without_columns' %>
    2: 
    3: 
    4: <%= table_for :user_with_col, class: 'with_columns'  do |t|%>
  app/views/test_page/index.html.erb:1:in `_app_views_test_page_index_html_erb__3135137024214049753_2177654020'

Rendered /usr/local/rvm/gems/ruby-1.9.2-p180/gems/actionpack-3.1.3/lib/action_dispatch/middleware/templates/rescues/_trace.erb (0.8ms)
Rendered /usr/local/rvm/gems/ruby-1.9.2-p180/gems/actionpack-3.1.3/lib/action_dispatch/middleware/templates/rescues/_request_and_response.erb (0.6ms)
Rendered /usr/local/rvm/gems/ruby-1.9.2-p180/gems/actionpack-3.1.3/lib/action_dispatch/middleware/templates/rescues/template_error.erb within rescues/layout (2.7ms)


Started GET "/test_page?table_me=user%7C3,user_with_col%7C1%7C" for 127.0.0.1 at 2012-02-27 11:12:23 -0500
  Processing by TestPageController#index as HTML
  Parameters: {"table_me"=>"user|3,user_with_col|1|"}
  [1m[36m (0.1ms)[0m  [1mSELECT COUNT(*) FROM "users" [0m
  [1m[35mCACHE (0.0ms)[0m  SELECT COUNT(*) FROM "users" 
  [1m[36mUser Load (0.1ms)[0m  [1mSELECT "users".* FROM "users" LIMIT 1 OFFSET 20[0m
  [1m[35mUser Load (0.1ms)[0m  SELECT "users".* FROM "users" LIMIT 10 OFFSET 20
  [1m[36mUser Load (0.1ms)[0m  [1mSELECT "users".* FROM "users" LIMIT 10 OFFSET 0[0m
Rendered test_page/index.html.erb within layouts/application (27.2ms)
Completed 200 OK in 34ms (Views: 30.4ms | ActiveRecord: 0.8ms)


Started GET "/assets/application.css?body=1" for 127.0.0.1 at 2012-02-27 11:12:23 -0500
Served asset /application.css - 304 Not Modified (0ms)


Started GET "/assets/jquery.js?body=1" for 127.0.0.1 at 2012-02-27 11:12:23 -0500
Served asset /jquery.js - 304 Not Modified (0ms)


Started GET "/assets/application.js?body=1" for 127.0.0.1 at 2012-02-27 11:12:23 -0500
Served asset /application.js - 304 Not Modified (0ms)


Started GET "/assets/jquery_ujs.js?body=1" for 127.0.0.1 at 2012-02-27 11:12:23 -0500
Served asset /jquery_ujs.js - 304 Not Modified (0ms)


Started GET "/test_page?table_me=user_with_col%7C1,user%7C1%7C" for 127.0.0.1 at 2012-02-27 11:12:25 -0500
  Processing by TestPageController#index as HTML
  Parameters: {"table_me"=>"user_with_col|1,user|1|"}
  [1m[35m (0.1ms)[0m  SELECT COUNT(*) FROM "users" 
  [1m[36mCACHE (0.0ms)[0m  [1mSELECT COUNT(*) FROM "users" [0m
  [1m[35mUser Load (0.1ms)[0m  SELECT "users".* FROM "users" LIMIT 1 OFFSET 0
  [1m[36mUser Load (0.1ms)[0m  [1mSELECT "users".* FROM "users" LIMIT 10 OFFSET 0[0m
  [1m[35mCACHE (0.0ms)[0m  SELECT "users".* FROM "users" LIMIT 10 OFFSET 0
Rendered test_page/index.html.erb within layouts/application (8.8ms)
Completed 200 OK in 16ms (Views: 12.0ms | ActiveRecord: 0.6ms)


Started GET "/assets/application.css?body=1" for 127.0.0.1 at 2012-02-27 11:12:25 -0500
Served asset /application.css - 304 Not Modified (0ms)


Started GET "/assets/jquery.js?body=1" for 127.0.0.1 at 2012-02-27 11:12:25 -0500
Served asset /jquery.js - 304 Not Modified (0ms)


Started GET "/assets/jquery_ujs.js?body=1" for 127.0.0.1 at 2012-02-27 11:12:25 -0500
Served asset /jquery_ujs.js - 304 Not Modified (0ms)


Started GET "/assets/application.js?body=1" for 127.0.0.1 at 2012-02-27 11:12:25 -0500
Served asset /application.js - 304 Not Modified (0ms)


Started GET "/test_page" for 127.0.0.1 at 2012-02-27 11:12:31 -0500
  Processing by TestPageController#index as HTML
  [1m[36m (0.1ms)[0m  [1mSELECT COUNT(*) FROM "users" [0m
  [1m[35mCACHE (0.0ms)[0m  SELECT COUNT(*) FROM "users" 
  [1m[36mUser Load (0.1ms)[0m  [1mSELECT "users".* FROM "users" LIMIT 1 OFFSET 0[0m
  [1m[35mUser Load (0.1ms)[0m  SELECT "users".* FROM "users" LIMIT 10 OFFSET 0
  [1m[36mCACHE (0.0ms)[0m  [1mSELECT "users".* FROM "users" LIMIT 10 OFFSET 0[0m
Rendered test_page/index.html.erb within layouts/application (26.9ms)
Completed 200 OK in 34ms (Views: 30.3ms | ActiveRecord: 0.7ms)


Started GET "/assets/application.css?body=1" for 127.0.0.1 at 2012-02-27 11:12:31 -0500
Served asset /application.css - 304 Not Modified (0ms)


Started GET "/assets/jquery.js?body=1" for 127.0.0.1 at 2012-02-27 11:12:31 -0500
Served asset /jquery.js - 304 Not Modified (0ms)


Started GET "/assets/application.js?body=1" for 127.0.0.1 at 2012-02-27 11:12:31 -0500
Served asset /application.js - 304 Not Modified (0ms)


Started GET "/assets/jquery_ujs.js?body=1" for 127.0.0.1 at 2012-02-27 11:12:31 -0500
Served asset /jquery_ujs.js - 304 Not Modified (0ms)


Started GET "/test_page" for 127.0.0.1 at 2012-02-27 12:42:41 -0500
  Processing by TestPageController#index as HTML
  [1m[36m (0.1ms)[0m  [1mSELECT COUNT(*) FROM "users" [0m
  [1m[35mCACHE (0.0ms)[0m  SELECT COUNT(*) FROM "users" 
Rendered test_page/index.html.erb within layouts/application (155863.7ms)
Completed 200 OK in 155925ms (Views: 155892.7ms | ActiveRecord: 0.5ms)


Started GET "/assets/application.css?body=1" for 127.0.0.1 at 2012-02-27 12:45:18 -0500
Served asset /application.css - 304 Not Modified (0ms)


Started GET "/test_page" for 127.0.0.1 at 2012-02-27 12:45:28 -0500
  Processing by TestPageController#index as HTML
  [1m[36m (0.1ms)[0m  [1mSELECT COUNT(*) FROM "users" [0m
  [1m[35mCACHE (0.0ms)[0m  SELECT COUNT(*) FROM "users" 
Rendered test_page/index.html.erb within layouts/application (114275.5ms)
Completed 200 OK in 114352ms (Views: 114303.0ms | ActiveRecord: 0.5ms)


Started GET "/assets/application.css?body=1" for 127.0.0.1 at 2012-02-27 12:47:23 -0500
Served asset /application.css - 304 Not Modified (0ms)


Started GET "/assets/jquery_ujs.js?body=1" for 127.0.0.1 at 2012-02-27 12:47:23 -0500
Served asset /jquery_ujs.js - 200 OK (1ms)


Started GET "/assets/jquery.js?body=1" for 127.0.0.1 at 2012-02-27 12:47:23 -0500
Served asset /jquery.js - 200 OK (19ms)


Started GET "/assets/application.js?body=1" for 127.0.0.1 at 2012-02-27 12:47:23 -0500
Served asset /application.js - 200 OK (0ms)


Started GET "/test_page" for 127.0.0.1 at 2012-02-27 12:47:26 -0500
  Processing by TestPageController#index as HTML
  [1m[36m (0.1ms)[0m  [1mSELECT COUNT(*) FROM "users" [0m
  [1m[35mCACHE (0.0ms)[0m  SELECT COUNT(*) FROM "users" 
Rendered test_page/index.html.erb within layouts/application (112673.6ms)
Completed 200 OK in 112681ms (Views: 112677.7ms | ActiveRecord: 0.3ms)


Started GET "/assets/application.css?body=1" for 127.0.0.1 at 2012-02-27 12:49:18 -0500
Served asset /application.css - 304 Not Modified (0ms)


Started GET "/assets/application.js?body=1" for 127.0.0.1 at 2012-02-27 12:49:18 -0500
Served asset /application.js - 304 Not Modified (0ms)


Started GET "/assets/jquery_ujs.js?body=1" for 127.0.0.1 at 2012-02-27 12:49:18 -0500
Served asset /jquery_ujs.js - 304 Not Modified (0ms)


Started GET "/assets/jquery.js?body=1" for 127.0.0.1 at 2012-02-27 12:49:18 -0500
Served asset /jquery.js - 304 Not Modified (0ms)


Started GET "/test_page" for 127.0.0.1 at 2012-02-27 12:49:20 -0500
  Processing by TestPageController#index as HTML
  [1m[36m (0.1ms)[0m  [1mSELECT COUNT(*) FROM "users" [0m
  [1m[35mCACHE (0.0ms)[0m  SELECT COUNT(*) FROM "users" 
Rendered test_page/index.html.erb within layouts/application (21964.8ms)
Completed 200 OK in 21972ms (Views: 21968.7ms | ActiveRecord: 0.3ms)


Started GET "/assets/jquery_ujs.js?body=1" for 127.0.0.1 at 2012-02-27 12:49:42 -0500
Served asset /jquery_ujs.js - 304 Not Modified (0ms)


Started GET "/assets/application.js?body=1" for 127.0.0.1 at 2012-02-27 12:49:42 -0500
Served asset /application.js - 304 Not Modified (0ms)


Started GET "/assets/application.css?body=1" for 127.0.0.1 at 2012-02-27 12:49:42 -0500
Served asset /application.css - 304 Not Modified (0ms)


Started GET "/assets/jquery.js?body=1" for 127.0.0.1 at 2012-02-27 12:49:42 -0500
Served asset /jquery.js - 304 Not Modified (0ms)


Started GET "/test_page" for 127.0.0.1 at 2012-02-27 12:49:44 -0500
  Processing by TestPageController#index as HTML
  [1m[36m (0.1ms)[0m  [1mSELECT COUNT(*) FROM "users" [0m
  [1m[35mCACHE (0.0ms)[0m  SELECT COUNT(*) FROM "users" 
Rendered test_page/index.html.erb within layouts/application (602323.7ms)
Completed 200 OK in 602331ms (Views: 602327.8ms | ActiveRecord: 0.3ms)


Started GET "/assets/application.css?body=1" for 127.0.0.1 at 2012-02-27 12:59:46 -0500
Served asset /application.css - 304 Not Modified (0ms)


Started GET "/assets/jquery.js?body=1" for 127.0.0.1 at 2012-02-27 12:59:46 -0500
Served asset /jquery.js - 304 Not Modified (0ms)


Started GET "/assets/jquery_ujs.js?body=1" for 127.0.0.1 at 2012-02-27 12:59:46 -0500
Served asset /jquery_ujs.js - 304 Not Modified (0ms)


Started GET "/assets/application.js?body=1" for 127.0.0.1 at 2012-02-27 12:59:46 -0500
Served asset /application.js - 304 Not Modified (0ms)


Started GET "/test_page" for 127.0.0.1 at 2012-02-27 15:08:40 -0500
  Processing by TestPageController#index as HTML
  [1m[36m (0.1ms)[0m  [1mSELECT COUNT(*) FROM "users" [0m
  [1m[35mCACHE (0.0ms)[0m  SELECT COUNT(*) FROM "users" 
  [1m[36mUser Load (0.1ms)[0m  [1mSELECT "users".* FROM "users" LIMIT 1 OFFSET 0[0m
  [1m[35mCACHE (0.0ms)[0m  SELECT "users".* FROM "users" LIMIT 1 OFFSET 0
Rendered test_page/index.html.erb within layouts/application (7.8ms)
Completed 200 OK in 93ms (Views: 43.2ms | ActiveRecord: 0.7ms)


Started GET "/assets/application.css?body=1" for 127.0.0.1 at 2012-02-27 15:08:40 -0500
Served asset /application.css - 304 Not Modified (0ms)


Started GET "/assets/jquery.js?body=1" for 127.0.0.1 at 2012-02-27 15:08:40 -0500
Served asset /jquery.js - 304 Not Modified (19ms)


Started GET "/assets/application.js?body=1" for 127.0.0.1 at 2012-02-27 15:08:40 -0500
Served asset /application.js - 304 Not Modified (0ms)


Started GET "/assets/jquery_ujs.js?body=1" for 127.0.0.1 at 2012-02-27 15:08:40 -0500
Served asset /jquery_ujs.js - 304 Not Modified (1ms)


Started GET "/" for 127.0.0.1 at 2012-02-27 15:10:08 -0500

ActionController::RoutingError (No route matches [GET] "/"):
  

Rendered /usr/local/rvm/gems/ruby-1.9.2-p180/gems/actionpack-3.1.3/lib/action_dispatch/middleware/templates/rescues/routing_error.erb within rescues/layout (0.4ms)


Started GET "/" for 127.0.0.1 at 2012-02-27 15:10:09 -0500

ActionController::RoutingError (No route matches [GET] "/"):
  

Rendered /usr/local/rvm/gems/ruby-1.9.2-p180/gems/actionpack-3.1.3/lib/action_dispatch/middleware/templates/rescues/routing_error.erb within rescues/layout (0.4ms)


Started GET "/test_page" for 127.0.0.1 at 2012-02-27 15:10:13 -0500
  Processing by TestPageController#index as HTML
  [1m[36m (0.1ms)[0m  [1mSELECT COUNT(*) FROM "users" [0m
  [1m[35mCACHE (0.0ms)[0m  SELECT COUNT(*) FROM "users" 
  [1m[36mUser Load (0.1ms)[0m  [1mSELECT "users".* FROM "users" LIMIT 1 OFFSET 0[0m
  [1m[35mCACHE (0.0ms)[0m  SELECT "users".* FROM "users" LIMIT 1 OFFSET 0
Rendered test_page/index.html.erb within layouts/application (1.0ms)
Completed 200 OK in 8ms (Views: 4.7ms | ActiveRecord: 0.5ms)


Started GET "/assets/jquery.js?body=1" for 127.0.0.1 at 2012-02-27 15:10:13 -0500
Served asset /jquery.js - 304 Not Modified (0ms)


Started GET "/assets/application.css?body=1" for 127.0.0.1 at 2012-02-27 15:10:13 -0500
Served asset /application.css - 304 Not Modified (0ms)


Started GET "/assets/jquery_ujs.js?body=1" for 127.0.0.1 at 2012-02-27 15:10:13 -0500
Served asset /jquery_ujs.js - 304 Not Modified (0ms)


Started GET "/assets/application.js?body=1" for 127.0.0.1 at 2012-02-27 15:10:13 -0500
Served asset /application.js - 304 Not Modified (0ms)


Started GET "/test_page" for 127.0.0.1 at 2012-02-27 15:57:06 -0500
  Processing by TestPageController#index as HTML
  [1m[36m (0.1ms)[0m  [1mSELECT COUNT(*) FROM "users" [0m
  [1m[35mCACHE (0.0ms)[0m  SELECT COUNT(*) FROM "users" 
  [1m[36mUser Load (0.1ms)[0m  [1mSELECT "users".* FROM "users" LIMIT 1 OFFSET 0[0m
  [1m[35mUser Load (0.1ms)[0m  SELECT "users".* FROM "users" LIMIT 10 OFFSET 0
  [1m[36mCACHE (0.0ms)[0m  [1mSELECT "users".* FROM "users" LIMIT 1 OFFSET 0[0m
  [1m[35mCACHE (0.0ms)[0m  SELECT "users".* FROM "users" LIMIT 10 OFFSET 0
Rendered test_page/index.html.erb within layouts/application (14.9ms)
Completed 200 OK in 141ms (Views: 92.5ms | ActiveRecord: 0.8ms)


Started GET "/test_page" for 127.0.0.1 at 2012-02-27 15:58:28 -0500
  Processing by TestPageController#index as HTML
  [1m[36m (0.1ms)[0m  [1mSELECT COUNT(*) FROM "users" [0m
  [1m[35mCACHE (0.0ms)[0m  SELECT COUNT(*) FROM "users" 
  [1m[36mUser Load (0.1ms)[0m  [1mSELECT "users".* FROM "users" LIMIT 1 OFFSET 0[0m
  [1m[35mUser Load (0.1ms)[0m  SELECT "users".* FROM "users" LIMIT 10 OFFSET 0
  [1m[36mCACHE (0.0ms)[0m  [1mSELECT "users".* FROM "users" LIMIT 1 OFFSET 0[0m
  [1m[35mCACHE (0.0ms)[0m  SELECT "users".* FROM "users" LIMIT 10 OFFSET 0
Rendered test_page/index.html.erb within layouts/application (23.1ms)
Completed 200 OK in 31ms (Views: 26.8ms | ActiveRecord: 0.7ms)


Started GET "/test_page" for 127.0.0.1 at 2012-02-27 15:58:32 -0500
  Processing by TestPageController#index as HTML
  [1m[36m (0.1ms)[0m  [1mSELECT COUNT(*) FROM "users" [0m
  [1m[35mCACHE (0.0ms)[0m  SELECT COUNT(*) FROM "users" 
  [1m[36mUser Load (0.1ms)[0m  [1mSELECT "users".* FROM "users" LIMIT 1 OFFSET 0[0m
  [1m[35mUser Load (0.1ms)[0m  SELECT "users".* FROM "users" LIMIT 10 OFFSET 0
  [1m[36mCACHE (0.0ms)[0m  [1mSELECT "users".* FROM "users" LIMIT 1 OFFSET 0[0m
  [1m[35mCACHE (0.0ms)[0m  SELECT "users".* FROM "users" LIMIT 10 OFFSET 0
Rendered test_page/index.html.erb within layouts/application (6.1ms)
Completed 200 OK in 13ms (Views: 9.4ms | ActiveRecord: 0.6ms)


Started GET "/test_page" for 127.0.0.1 at 2012-02-27 15:58:59 -0500
  Processing by TestPageController#index as HTML
  [1m[36m (0.1ms)[0m  [1mSELECT COUNT(*) FROM "users" [0m
  [1m[35mCACHE (0.0ms)[0m  SELECT COUNT(*) FROM "users" 
  [1m[36mUser Load (0.1ms)[0m  [1mSELECT "users".* FROM "users" LIMIT 1 OFFSET 0[0m
  [1m[35mUser Load (0.1ms)[0m  SELECT "users".* FROM "users" LIMIT 10 OFFSET 0
  [1m[36mCACHE (0.0ms)[0m  [1mSELECT "users".* FROM "users" LIMIT 1 OFFSET 0[0m
  [1m[35mCACHE (0.0ms)[0m  SELECT "users".* FROM "users" LIMIT 10 OFFSET 0
Rendered test_page/index.html.erb within layouts/application (6.5ms)
Completed 200 OK in 14ms (Views: 10.0ms | ActiveRecord: 0.6ms)


Started GET "/test_page" for 127.0.0.1 at 2012-02-27 15:59:02 -0500
  Processing by TestPageController#index as HTML
  [1m[36m (0.1ms)[0m  [1mSELECT COUNT(*) FROM "users" [0m
  [1m[35mCACHE (0.0ms)[0m  SELECT COUNT(*) FROM "users" 
  [1m[36mUser Load (0.1ms)[0m  [1mSELECT "users".* FROM "users" LIMIT 1 OFFSET 0[0m
  [1m[35mUser Load (0.1ms)[0m  SELECT "users".* FROM "users" LIMIT 10 OFFSET 0
  [1m[36mCACHE (0.0ms)[0m  [1mSELECT "users".* FROM "users" LIMIT 1 OFFSET 0[0m
  [1m[35mCACHE (0.0ms)[0m  SELECT "users".* FROM "users" LIMIT 10 OFFSET 0
Rendered test_page/index.html.erb within layouts/application (6.2ms)
Completed 200 OK in 13ms (Views: 9.7ms | ActiveRecord: 0.6ms)


Started GET "/test_page" for 127.0.0.1 at 2012-02-27 15:59:12 -0500
  Processing by TestPageController#index as HTML
  [1m[36m (0.1ms)[0m  [1mSELECT COUNT(*) FROM "users" [0m
  [1m[35mCACHE (0.0ms)[0m  SELECT COUNT(*) FROM "users" 
  [1m[36mUser Load (0.1ms)[0m  [1mSELECT "users".* FROM "users" LIMIT 1 OFFSET 0[0m
  [1m[35mUser Load (0.1ms)[0m  SELECT "users".* FROM "users" LIMIT 10 OFFSET 0
  [1m[36mCACHE (0.0ms)[0m  [1mSELECT "users".* FROM "users" LIMIT 1 OFFSET 0[0m
  [1m[35mCACHE (0.0ms)[0m  SELECT "users".* FROM "users" LIMIT 10 OFFSET 0
Rendered test_page/index.html.erb within layouts/application (15.3ms)
Completed 200 OK in 91ms (Views: 41.8ms | ActiveRecord: 0.8ms)


Started GET "/test_page" for 127.0.0.1 at 2012-02-27 16:00:02 -0500
  Processing by TestPageController#index as HTML
  [1m[36m (0.1ms)[0m  [1mSELECT COUNT(*) FROM "users" [0m
  [1m[35mCACHE (0.0ms)[0m  SELECT COUNT(*) FROM "users" 
  [1m[36mUser Load (0.1ms)[0m  [1mSELECT "users".* FROM "users" LIMIT 1 OFFSET 0[0m
  [1m[35mUser Load (0.1ms)[0m  SELECT "users".* FROM "users" LIMIT 10 OFFSET 0
  [1m[36mCACHE (0.0ms)[0m  [1mSELECT "users".* FROM "users" LIMIT 1 OFFSET 0[0m
  [1m[35mCACHE (0.0ms)[0m  SELECT "users".* FROM "users" LIMIT 10 OFFSET 0
Rendered test_page/index.html.erb within layouts/application (14.7ms)
Completed 200 OK in 91ms (Views: 41.0ms | ActiveRecord: 0.7ms)


Started GET "/test_page" for 127.0.0.1 at 2012-02-27 16:00:04 -0500
  Processing by TestPageController#index as HTML
  [1m[36m (0.1ms)[0m  [1mSELECT COUNT(*) FROM "users" [0m
  [1m[35mCACHE (0.0ms)[0m  SELECT COUNT(*) FROM "users" 
  [1m[36mUser Load (0.1ms)[0m  [1mSELECT "users".* FROM "users" LIMIT 1 OFFSET 0[0m
  [1m[35mUser Load (0.1ms)[0m  SELECT "users".* FROM "users" LIMIT 10 OFFSET 0
  [1m[36mCACHE (0.0ms)[0m  [1mSELECT "users".* FROM "users" LIMIT 1 OFFSET 0[0m
  [1m[35mCACHE (0.0ms)[0m  SELECT "users".* FROM "users" LIMIT 10 OFFSET 0
Rendered test_page/index.html.erb within layouts/application (6.5ms)
Completed 200 OK in 14ms (Views: 10.1ms | ActiveRecord: 0.6ms)


Started GET "/test_page" for 127.0.0.1 at 2012-02-27 16:01:15 -0500
  Processing by TestPageController#index as HTML
  [1m[36m (0.1ms)[0m  [1mSELECT COUNT(*) FROM "users" [0m
  [1m[35mCACHE (0.0ms)[0m  SELECT COUNT(*) FROM "users" 
  [1m[36mUser Load (0.1ms)[0m  [1mSELECT "users".* FROM "users" LIMIT 1 OFFSET 0[0m
  [1m[35mUser Load (0.1ms)[0m  SELECT "users".* FROM "users" LIMIT 10 OFFSET 0
  [1m[36mCACHE (0.0ms)[0m  [1mSELECT "users".* FROM "users" LIMIT 1 OFFSET 0[0m
  [1m[35mCACHE (0.0ms)[0m  SELECT "users".* FROM "users" LIMIT 10 OFFSET 0
Rendered test_page/index.html.erb within layouts/application (15.3ms)
Completed 200 OK in 91ms (Views: 41.9ms | ActiveRecord: 0.8ms)


Started GET "/test_page" for 127.0.0.1 at 2012-02-27 16:01:49 -0500
  Processing by TestPageController#index as HTML
  [1m[36m (0.1ms)[0m  [1mSELECT COUNT(*) FROM "users" [0m
  [1m[35mCACHE (0.0ms)[0m  SELECT COUNT(*) FROM "users" 
  [1m[36mUser Load (0.1ms)[0m  [1mSELECT "users".* FROM "users" LIMIT 1 OFFSET 0[0m
  [1m[35mUser Load (0.1ms)[0m  SELECT "users".* FROM "users" LIMIT 10 OFFSET 0
  [1m[36mCACHE (0.0ms)[0m  [1mSELECT "users".* FROM "users" LIMIT 1 OFFSET 0[0m
  [1m[35mCACHE (0.0ms)[0m  SELECT "users".* FROM "users" LIMIT 10 OFFSET 0
Rendered test_page/index.html.erb within layouts/application (14.8ms)
Completed 200 OK in 91ms (Views: 41.0ms | ActiveRecord: 0.7ms)


Started GET "/test_page" for 127.0.0.1 at 2012-02-27 16:02:16 -0500
  Processing by TestPageController#index as HTML
  [1m[36m (0.1ms)[0m  [1mSELECT COUNT(*) FROM "users" [0m
  [1m[35mCACHE (0.0ms)[0m  SELECT COUNT(*) FROM "users" 
  [1m[36mUser Load (0.1ms)[0m  [1mSELECT "users".* FROM "users" LIMIT 1 OFFSET 0[0m
  [1m[35mUser Load (0.1ms)[0m  SELECT "users".* FROM "users" LIMIT 10 OFFSET 0
  [1m[36mCACHE (0.0ms)[0m  [1mSELECT "users".* FROM "users" LIMIT 1 OFFSET 0[0m
  [1m[35mCACHE (0.0ms)[0m  SELECT "users".* FROM "users" LIMIT 10 OFFSET 0
Rendered test_page/index.html.erb within layouts/application (15.0ms)
Completed 200 OK in 90ms (Views: 41.2ms | ActiveRecord: 0.7ms)


Started GET "/test_page" for 127.0.0.1 at 2012-02-27 16:05:13 -0500
  Processing by TestPageController#index as HTML
  [1m[36m (0.1ms)[0m  [1mSELECT COUNT(*) FROM "users" [0m
  [1m[35mCACHE (0.0ms)[0m  SELECT COUNT(*) FROM "users" 
  [1m[36mUser Load (0.1ms)[0m  [1mSELECT "users".* FROM "users" LIMIT 1 OFFSET 0[0m
  [1m[35mUser Load (0.1ms)[0m  SELECT "users".* FROM "users" LIMIT 10 OFFSET 0
  [1m[36mCACHE (0.0ms)[0m  [1mSELECT "users".* FROM "users" LIMIT 1 OFFSET 0[0m
  [1m[35mCACHE (0.0ms)[0m  SELECT "users".* FROM "users" LIMIT 10 OFFSET 0
Rendered test_page/index.html.erb within layouts/application (17.4ms)
Completed 200 OK in 94ms (Views: 43.9ms | ActiveRecord: 0.8ms)


Started GET "/test_page" for 127.0.0.1 at 2012-02-27 16:05:31 -0500
  Processing by TestPageController#index as HTML
  [1m[36m (0.1ms)[0m  [1mSELECT COUNT(*) FROM "users" [0m
  [1m[35mCACHE (0.0ms)[0m  SELECT COUNT(*) FROM "users" 
  [1m[36mUser Load (0.1ms)[0m  [1mSELECT "users".* FROM "users" LIMIT 1 OFFSET 0[0m
  [1m[35mUser Load (0.1ms)[0m  SELECT "users".* FROM "users" LIMIT 10 OFFSET 0
  [1m[36mCACHE (0.0ms)[0m  [1mSELECT "users".* FROM "users" LIMIT 1 OFFSET 0[0m
  [1m[35mCACHE (0.0ms)[0m  SELECT "users".* FROM "users" LIMIT 10 OFFSET 0
Rendered test_page/index.html.erb within layouts/application (17.0ms)
Completed 200 OK in 93ms (Views: 43.2ms | ActiveRecord: 0.7ms)
